<?xml version="1.0" encoding="UTF-8"?>
<!-- Generated by org.testng.reporters.JUnitXMLReporter -->
<testsuite ignored="0" hostname="kartikey" failures="0" tests="4" name="Test" time="10.5" errors="0" timestamp="2025-10-30T07:55:08 IST">
  <testcase classname="pet_store.add_a_new_pet" name="addNewPet" time="4.8"/>
  <testcase classname="pet_store.get_pet_by_id" name="getpet" time="1.917"/>
  <testcase classname="pet_store.update_pet_data" name="update_pet" time="1.855"/>
  <testcase classname="pet_store.delete_existing_pet" name="delete_pet" time="1.831"/>
</testsuite> <!-- Test -->
