<?xml version="1.0" encoding="UTF-8"?>
<!-- Generated by org.testng.reporters.JUnitReportReporter -->
<testsuite hostname="kartikey" failures="0" tests="4" name="tests.test001" time="2.520" errors="0" timestamp="2025-10-29T23:39:08 IST" skipped="0">
  <testcase classname="tests.test001" name="LoginTest" time="1.504"/>
  <testcase classname="tests.test001" name="ProductsTest" time="0.364"/>
  <testcase classname="tests.test001" name="validProductTest" time="0.061"/>
  <testcase classname="tests.test001" name="CheckOutTest" time="0.591"/>
</testsuite> <!-- tests.test001 -->
