<?xml version="1.0" encoding="UTF-8"?>
<!-- Generated by org.testng.reporters.JUnitXMLReporter -->
<testsuite ignored="0" hostname="kartikey" failures="0" tests="6" name="Test" time="34.433" errors="0" timestamp="2025-10-29T23:39:07 IST">
  <testcase classname="tests.test001" name="LoginTest" time="1.504"/>
  <testcase classname="tests.test001" name="ProductsTest" time="0.362"/>
  <testcase classname="tests.test001" name="validProductTest" time="0.061"/>
  <testcase classname="tests.test001" name="CheckOutTest" time="0.591"/>
  <testcase classname="tests.test002" name="Login" time="0.47"/>
  <testcase classname="tests.test002" name="allUrls" time="0.258"/>
</testsuite> <!-- Test -->
