<?xml version="1.0" encoding="UTF-8"?>
<testng-results ignored="0" total="4" passed="4" failed="0" skipped="0">
  <reporter-output>
  </reporter-output>
  <suite started-at="2025-10-30T07:54:57 IST" name="Suite" finished-at="2025-10-30T07:55:08 IST" duration-ms="10500">
    <groups>
    </groups>
    <test started-at="2025-10-30T07:54:57 IST" name="Test" finished-at="2025-10-30T07:55:08 IST" duration-ms="10500">
      <class name="pet_store.delete_existing_pet">
        <test-method signature="delete_pet(java.lang.String,java.lang.String)[pri:0, instance:pet_store.delete_existing_pet@235834f2]" started-at="2025-10-30T07:55:06 IST" name="delete_pet" data-provider="data" finished-at="2025-10-30T07:55:08 IST" duration-ms="1831" status="PASS">
          <params>
            <param index="0">
              <value>
                <![CDATA[10001]]>
              </value>
            </param>
            <param index="1">
              <value>
                <![CDATA[black panther]]>
              </value>
            </param>
          </params>
          <reporter-output>
          </reporter-output>
        </test-method> <!-- delete_pet -->
      </class> <!-- pet_store.delete_existing_pet -->
      <class name="pet_store.add_a_new_pet">
        <test-method signature="addNewPet(java.lang.String,java.lang.String)[pri:0, instance:pet_store.add_a_new_pet@4c583ecf]" started-at="2025-10-30T07:54:57 IST" name="addNewPet" data-provider="data" finished-at="2025-10-30T07:55:02 IST" duration-ms="4800" status="PASS">
          <params>
            <param index="0">
              <value>
                <![CDATA[10001]]>
              </value>
            </param>
            <param index="1">
              <value>
                <![CDATA[black panther]]>
              </value>
            </param>
          </params>
          <reporter-output>
          </reporter-output>
        </test-method> <!-- addNewPet -->
      </class> <!-- pet_store.add_a_new_pet -->
      <class name="pet_store.update_pet_data">
        <test-method signature="update_pet(java.lang.String,java.lang.String)[pri:0, instance:pet_store.update_pet_data@3270d194]" started-at="2025-10-30T07:55:04 IST" name="update_pet" data-provider="data" finished-at="2025-10-30T07:55:06 IST" duration-ms="1855" status="PASS">
          <params>
            <param index="0">
              <value>
                <![CDATA[10001]]>
              </value>
            </param>
            <param index="1">
              <value>
                <![CDATA[black panther]]>
              </value>
            </param>
          </params>
          <reporter-output>
          </reporter-output>
        </test-method> <!-- update_pet -->
      </class> <!-- pet_store.update_pet_data -->
      <class name="pet_store.get_pet_by_id">
        <test-method signature="getpet(java.lang.String,java.lang.String)[pri:0, instance:pet_store.get_pet_by_id@55182842]" started-at="2025-10-30T07:55:02 IST" name="getpet" data-provider="data" finished-at="2025-10-30T07:55:04 IST" duration-ms="1917" status="PASS">
          <params>
            <param index="0">
              <value>
                <![CDATA[10001]]>
              </value>
            </param>
            <param index="1">
              <value>
                <![CDATA[black panther]]>
              </value>
            </param>
          </params>
          <reporter-output>
          </reporter-output>
        </test-method> <!-- getpet -->
      </class> <!-- pet_store.get_pet_by_id -->
    </test> <!-- Test -->
  </suite> <!-- Suite -->
</testng-results>
